running simulation on graph (internet) immunizing (none -n_immune (10))
  statistics
  s_count median 0.0, mean 0.2, std 0.4
  r_count median 500.0, mean 499.8, std 0.4
  v_count median 0.0, mean 0.0, std 0.0
  rn_ratio median 1.0, mean 0.9996, std 0.0008000000000000007
  vn_ratio median 0.0, mean 0.0, std 0.0
  i_thresh median 73.0, mean 74.0, std 4.33589667773576

running simulation on graph (internet) immunizing (none -n_immune (10))
  statistics
  s_count median 0.0, mean 0.0, std 0.0
  r_count median 500.0, mean 500.0, std 0.0
  v_count median 0.0, mean 0.0, std 0.0
  rn_ratio median 1.0, mean 1.0, std 0.0
  vn_ratio median 0.0, mean 0.0, std 0.0
  i_thresh median 69.0, mean 69.0, std 0.0

running simulation on graph (rel-cave) immunizing (none -n_immune (10))
  statistics
  s_count median 25.0, mean 20.4, std 10.669582934679312
  r_count median 475.0, mean 479.6, std 10.669582934679312
  v_count median 0.0, mean 0.0, std 0.0
  rn_ratio median 0.95, mean 0.9592, std 0.021339165869358617
  vn_ratio median 0.0, mean 0.0, std 0.0
  i_thresh median 142.0, mean 138.8, std 11.923086848631105

running simulation on graph (rel-cave) immunizing (none -n_immune (10))
  statistics
  s_count median 4.0, mean 4.0, std 0.0
  r_count median 496.0, mean 496.0, std 0.0
  v_count median 0.0, mean 0.0, std 0.0
  rn_ratio median 0.992, mean 0.992, std 0.0
  vn_ratio median 0.0, mean 0.0, std 0.0
  i_thresh median 120.0, mean 120.0, std 0.0

running simulation on graph (internet) immunizing (random -n_immune (1))
  statistics
  s_count median 0.0, mean 0.2, std 0.4000000000000001
  r_count median 496.0, mean 486.2, std 20.62425756239482
  v_count median 4.0, mean 13.6, std 20.742227459942676
  rn_ratio median 0.992, mean 0.9724, std 0.041248515124789636
  vn_ratio median 0.008, mean 0.027200000000000002, std 0.04148445491988535
  i_thresh median 71.0, mean 71.0, std 6.387487769068525

running simulation on graph (internet) immunizing (random -n_immune (5))
  statistics
  s_count median 0.0, mean 0.4, std 0.48989794855663565
  r_count median 471.0, mean 443.6, std 51.91377466530439
  v_count median 29.0, mean 56.0, std 52.046133381837315
  rn_ratio median 0.942, mean 0.8872, std 0.10382754933060874
  vn_ratio median 0.058, mean 0.11200000000000002, std 0.10409226676367461
  i_thresh median 75.0, mean 73.2, std 3.9698866482558417

running simulation on graph (internet) immunizing (random -n_immune (10))
  statistics
  s_count median 0.0, mean 0.8, std 1.1661903789690602
  r_count median 455.0, mean 427.0, std 44.474711915874174
  v_count median 45.0, mean 72.2, std 43.310045024220415
  rn_ratio median 0.91, mean 0.8540000000000001, std 0.08894942383174838
  vn_ratio median 0.09, mean 0.1444, std 0.08662009004844085
  i_thresh median 71.0, mean 72.2, std 5.878775382679627

running simulation on graph (internet) immunizing (random -n_immune (25))
  statistics
  s_count median 0.0, mean 0.2, std 0.4000000000000001
  r_count median 374.0, mean 357.6, std 32.30232189796888
  v_count median 126.0, mean 142.2, std 32.44934513977131
  rn_ratio median 0.748, mean 0.7152, std 0.06460464379593778
  vn_ratio median 0.252, mean 0.2844, std 0.06489869027954262
  i_thresh median 75.0, mean 77.8, std 5.2687759489277965

running simulation on graph (internet) immunizing (random -n_immune (50))
  statistics
  s_count median 1.0, mean 0.6, std 0.48989794855663565
  r_count median 220.0, mean 239.0, std 34.05290002334603
  v_count median 279.0, mean 260.4, std 33.82070371828475
  rn_ratio median 0.44, mean 0.47800000000000004, std 0.06810580004669205
  vn_ratio median 0.558, mean 0.5207999999999999, std 0.06764140743656948
  i_thresh median 74.0, mean 74.0, std 2.756809750418044

running simulation on graph (internet) immunizing (random -n_immune (100))
  statistics
  s_count median 0.0, mean 0.6, std 0.7999999999999999
  r_count median 100.0, mean 104.0, std 15.861904047118681
  v_count median 400.0, mean 395.4, std 16.5963851485798
  rn_ratio median 0.2, mean 0.20800000000000002, std 0.03172380809423737
  vn_ratio median 0.8, mean 0.7908, std 0.033192770297159585
  i_thresh median 80.0, mean 83.0, std 7.899367063252599

running simulation on graph (rel-cave) immunizing (random -n_immune (1))
  statistics
  s_count median 33.0, mean 30.6, std 8.935323161475472
  r_count median 455.0, mean 457.2, std 7.8587530817554
  v_count median 11.0, mean 12.2, std 1.9390719429665317
  rn_ratio median 0.91, mean 0.9144, std 0.01571750616351077
  vn_ratio median 0.022, mean 0.024399999999999998, std 0.0038781438859330636
  i_thresh median 132.0, mean 136.6, std 12.768711759609895

running simulation on graph (rel-cave) immunizing (random -n_immune (5))
  statistics
  s_count median 22.0, mean 19.8, std 6.705221845696084
  r_count median 426.0, mean 428.8, std 10.943491216243562
  v_count median 49.0, mean 51.4, std 6.651315659326356
  rn_ratio median 0.852, mean 0.8576, std 0.021886982432487143
  vn_ratio median 0.098, mean 0.1028, std 0.013302631318652714
  i_thresh median 131.0, mean 131.8, std 8.44748483277715

running simulation on graph (rel-cave) immunizing (random -n_immune (10))
  statistics
  s_count median 24.0, mean 21.4, std 4.586937976471886
  r_count median 381.0, mean 385.6, std 9.911609354691093
  v_count median 94.0, mean 93.0, std 8.508818954473059
  rn_ratio median 0.762, mean 0.7712000000000001, std 0.019823218709382206
  vn_ratio median 0.188, mean 0.186, std 0.01701763790894612
  i_thresh median 125.0, mean 136.8, std 19.114392483152585

running simulation on graph (rel-cave) immunizing (random -n_immune (25))
  statistics
  s_count median 21.0, mean 21.6, std 5.4258639865002145
  r_count median 255.0, mean 254.0, std 18.676188047886004
  v_count median 220.0, mean 224.2, std 14.274452704044382
  rn_ratio median 0.51, mean 0.508, std 0.03735237609577202
  vn_ratio median 0.44, mean 0.4484, std 0.028548905408088774
  i_thresh median 145.0, mean 154.0, std 28.29840984931839

running simulation on graph (rel-cave) immunizing (random -n_immune (50))
  statistics
  s_count median 24.0, mean 22.4, std 3.1368774282716245
  r_count median 117.0, mean 127.2, std 17.735839421916292
  v_count median 359.0, mean 350.4, std 20.283983829612957
  rn_ratio median 0.234, mean 0.2544, std 0.03547167884383257
  vn_ratio median 0.718, mean 0.7007999999999999, std 0.040567967659225906
  i_thresh median 94.0, mean 93.8, std 8.518215775618742

running simulation on graph (rel-cave) immunizing (random -n_immune (100))
  statistics
  s_count median 3.0, mean 3.6, std 1.2
  r_count median 52.0, mean 50.4, std 7.28285658241325
  v_count median 443.0, mean 446.0, std 7.848566748139434
  rn_ratio median 0.104, mean 0.1008, std 0.014565713164826497
  vn_ratio median 0.886, mean 0.892, std 0.01569713349627888
  i_thresh median 67.0, mean 68.8, std 17.6

running simulation on graph (internet) immunizing (acquaint -n_immune (1))
  statistics
  s_count median 0.0, mean 0.0, std 0.0
  r_count median 438.0, mean 457.0, std 26.351470547200964
  v_count median 62.0, mean 43.0, std 26.351470547200964
  rn_ratio median 0.876, mean 0.9139999999999999, std 0.05270294109440192
  vn_ratio median 0.124, mean 0.08600000000000001, std 0.052702941094401934
  i_thresh median 78.0, mean 77.0, std 3.03315017762062

running simulation on graph (internet) immunizing (acquaint -n_immune (5))
  statistics
  s_count median 0.0, mean 0.2, std 0.4
  r_count median 313.0, mean 306.2, std 28.280028288528992
  v_count median 187.0, mean 193.6, std 28.345017198795276
  rn_ratio median 0.626, mean 0.6123999999999999, std 0.05656005657705797
  vn_ratio median 0.374, mean 0.3872, std 0.05669003439759055
  i_thresh median 72.0, mean 73.0, std 2.8284271247461903

running simulation on graph (internet) immunizing (acquaint -n_immune (10))
  statistics
  s_count median 1.0, mean 0.8, std 0.4
  r_count median 170.0, mean 161.8, std 29.38298827553113
  v_count median 329.0, mean 337.4, std 29.206848511950074
  rn_ratio median 0.34, mean 0.3236, std 0.05876597655106227
  vn_ratio median 0.658, mean 0.6748, std 0.05841369702390014
  i_thresh median 76.0, mean 77.2, std 8.034923770640267

running simulation on graph (internet) immunizing (acquaint -n_immune (25))
  statistics
  s_count median 1.0, mean 1.0, std 1.0954451150103321
  r_count median 65.0, mean 70.0, std 36.491094804075146
  v_count median 435.0, mean 429.0, std 36.359317925395686
  rn_ratio median 0.13, mean 0.14, std 0.0729821896081503
  vn_ratio median 0.87, mean 0.8579999999999999, std 0.07271863585079137
  i_thresh median 72.0, mean 72.2, std 4.261455150532504

running simulation on graph (internet) immunizing (acquaint -n_immune (50))
  statistics
  s_count median 2.0, mean 1.8, std 0.7483314773547883
  r_count median 17.0, mean 15.2, std 9.10823802938856
  v_count median 482.0, mean 483.0, std 9.50789145920377
  rn_ratio median 0.034, mean 0.0304, std 0.01821647605877712
  vn_ratio median 0.964, mean 0.966, std 0.019015782918407557
  i_thresh median 48.0, mean 43.0, std 20.707486568871655

running simulation on graph (internet) immunizing (acquaint -n_immune (100))
  statistics
  s_count median 1.0, mean 0.8, std 0.4000000000000001
  r_count median 8.0, mean 8.8, std 3.655133376499413
  v_count median 491.0, mean 490.4, std 3.8262252939417984
  rn_ratio median 0.016, mean 0.017599999999999998, std 0.007310266752998824
  vn_ratio median 0.982, mean 0.9808, std 0.007652450587883604
  i_thresh median 46.0, mean 45.4, std 17.22324011328879

running simulation on graph (rel-cave) immunizing (acquaint -n_immune (1))
  statistics
  s_count median 16.0, mean 18.8, std 8.840814442120138
  r_count median 476.0, mean 470.2, std 9.967948635501688
  v_count median 11.0, mean 11.0, std 1.8973665961010275
  rn_ratio median 0.952, mean 0.9404, std 0.019935897271003356
  vn_ratio median 0.022, mean 0.022, std 0.0037947331922020544
  i_thresh median 136.0, mean 134.2, std 8.207313811473277

running simulation on graph (rel-cave) immunizing (acquaint -n_immune (5))
  statistics
  s_count median 28.0, mean 25.6, std 5.6780278266313555
  r_count median 412.0, mean 418.8, std 12.983065893693986
  v_count median 58.0, mean 55.6, std 7.812809993849843
  rn_ratio median 0.824, mean 0.8375999999999999, std 0.025966131787387974
  vn_ratio median 0.116, mean 0.11120000000000001, std 0.01562561998769969
  i_thresh median 140.0, mean 127.0, std 45.24599429783812

running simulation on graph (rel-cave) immunizing (acquaint -n_immune (10))
  statistics
  s_count median 21.0, mean 20.2, std 6.305553108173779
  r_count median 387.0, mean 388.6, std 10.403845442911962
  v_count median 90.0, mean 91.2, std 5.30659966456864
  rn_ratio median 0.774, mean 0.7772, std 0.020807690885823942
  vn_ratio median 0.18, mean 0.18239999999999998, std 0.010613199329137289
  i_thresh median 141.0, mean 137.8, std 11.6

running simulation on graph (rel-cave) immunizing (acquaint -n_immune (25))
  statistics
  s_count median 20.0, mean 25.4, std 13.705473359209451
  r_count median 250.0, mean 246.0, std 17.832554500127006
  v_count median 227.0, mean 228.4, std 11.892854997854805
  rn_ratio median 0.5, mean 0.492, std 0.035665109000254026
  vn_ratio median 0.454, mean 0.4568, std 0.02378570999570961
  i_thresh median 115.0, mean 122.2, std 48.51144194929687

running simulation on graph (rel-cave) immunizing (acquaint -n_immune (50))
  statistics
  s_count median 27.0, mean 26.0, std 5.440588203494177
  r_count median 119.0, mean 110.4, std 23.938253904577085
  v_count median 359.0, mean 363.6, std 19.754493159785195
  rn_ratio median 0.238, mean 0.22080000000000002, std 0.047876507809154166
  vn_ratio median 0.718, mean 0.7272, std 0.039508986319570394
  i_thresh median 95.0, mean 76.8, std 28.173746644704533

running simulation on graph (rel-cave) immunizing (acquaint -n_immune (100))
  statistics
  s_count median 9.0, mean 8.0, std 2.3664319132398464
  r_count median 44.0, mean 43.8, std 5.1146847410177685
  v_count median 446.0, mean 448.2, std 3.867815921162743
  rn_ratio median 0.088, mean 0.08760000000000001, std 0.010229369482035537
  vn_ratio median 0.892, mean 0.8964000000000001, std 0.007735631842325493
  i_thresh median 64.0, mean 63.6, std 16.007498243010993

running simulation on graph (internet) immunizing (degree -n_immune (1))
  statistics
  s_count median 0.0, mean 0.0, std 0.0
  r_count median 367.0, mean 368.6, std 3.7202150475476548
  v_count median 133.0, mean 131.4, std 3.7202150475476548
  rn_ratio median 0.734, mean 0.7372, std 0.007440430095095317
  vn_ratio median 0.266, mean 0.26280000000000003, std 0.007440430095095317
  i_thresh median 72.0, mean 74.0, std 3.847076812334269

running simulation on graph (internet) immunizing (degree -n_immune (5))
  statistics
  s_count median 1.0, mean 1.4, std 1.3564659966250538
  r_count median 169.0, mean 166.6, std 7.002856560004639
  v_count median 331.0, mean 332.0, std 6.899275324264136
  rn_ratio median 0.338, mean 0.3332, std 0.014005713120009268
  vn_ratio median 0.662, mean 0.664, std 0.013798550648528285
  i_thresh median 77.0, mean 76.6, std 1.8547236990991407

running simulation on graph (internet) immunizing (degree -n_immune (10))
  statistics
  s_count median 0.0, mean 1.2, std 1.5999999999999999
  r_count median 57.0, mean 56.4, std 5.161395160225576
  v_count median 443.0, mean 442.4, std 4.127953488110059
  rn_ratio median 0.114, mean 0.11279999999999998, std 0.010322790320451152
  vn_ratio median 0.886, mean 0.8848, std 0.008255906976220126
  i_thresh median 77.0, mean 80.6, std 9.748846085563153

running simulation on graph (internet) immunizing (degree -n_immune (25))
  statistics
  s_count median 0.0, mean 0.6, std 0.7999999999999999
  r_count median 5.0, mean 4.6, std 2.0591260281974
  v_count median 495.0, mean 494.8, std 2.5612496949731396
  rn_ratio median 0.01, mean 0.0092, std 0.0041182520563948005
  vn_ratio median 0.99, mean 0.9896, std 0.005122499389946284
  i_thresh median 24.0, mean 29.0, std 12.759310326189265

running simulation on graph (rel-cave) immunizing (degree -n_immune (1))
  statistics
  s_count median 20.0, mean 25.8, std 13.526270735128733
  r_count median 461.0, mean 456.2, std 14.496896219536097
  v_count median 19.0, mean 18.0, std 1.7888543819998317
  rn_ratio median 0.922, mean 0.9124000000000001, std 0.028993792439072203
  vn_ratio median 0.038, mean 0.036000000000000004, std 0.003577708763999664
  i_thresh median 138.0, mean 135.2, std 14.715977711317723

running simulation on graph (rel-cave) immunizing (degree -n_immune (5))
  statistics
  s_count median 36.0, mean 31.8, std 9.987992791347018
  r_count median 392.0, mean 396.8, std 19.84338680769994
  v_count median 71.0, mean 71.4, std 12.175385004179539
  rn_ratio median 0.784, mean 0.7936, std 0.039686773615399865
  vn_ratio median 0.142, mean 0.14279999999999998, std 0.024350770008359078
  i_thresh median 141.0, mean 138.6, std 22.694492724006857

running simulation on graph (rel-cave) immunizing (degree -n_immune (10))
  statistics
  s_count median 30.0, mean 35.4, std 18.2931681236466
  r_count median 341.0, mean 336.6, std 23.83778513201258
  v_count median 124.0, mean 127.8, std 10.419213022104884
  rn_ratio median 0.682, mean 0.6731999999999999, std 0.04767557026402516
  vn_ratio median 0.248, mean 0.2556, std 0.02083842604420976
  i_thresh median 161.0, mean 149.2, std 23.09458811063752

running simulation on graph (rel-cave) immunizing (degree -n_immune (25))
  statistics
  s_count median 43.0, mean 47.8, std 13.891004283348272
  r_count median 191.0, mean 179.6, std 27.63041802072491
  v_count median 262.0, mean 272.0, std 16.649324310613927
  rn_ratio median 0.382, mean 0.3592, std 0.055260836041449816
  vn_ratio median 0.524, mean 0.5439999999999999, std 0.03329864862122783
  i_thresh median 107.0, mean 94.4, std 58.86459037485948

running simulation on graph (internet) immunizing (vulnerableDegree -n_immune (1))
  statistics
  s_count median 0.0, mean 0.0, std 0.0
  r_count median 367.0, mean 368.6, std 3.7202150475476548
  v_count median 133.0, mean 131.4, std 3.7202150475476548
  rn_ratio median 0.734, mean 0.7372, std 0.007440430095095317
  vn_ratio median 0.266, mean 0.26280000000000003, std 0.007440430095095317
  i_thresh median 72.0, mean 74.0, std 3.847076812334269

running simulation on graph (internet) immunizing (vulnerableDegree -n_immune (5))
  statistics
  s_count median 1.0, mean 1.4, std 1.3564659966250538
  r_count median 169.0, mean 166.6, std 7.002856560004639
  v_count median 331.0, mean 332.0, std 6.899275324264136
  rn_ratio median 0.338, mean 0.3332, std 0.014005713120009268
  vn_ratio median 0.662, mean 0.664, std 0.013798550648528285
  i_thresh median 77.0, mean 76.6, std 1.8547236990991407

running simulation on graph (internet) immunizing (vulnerableDegree -n_immune (10))
  statistics
  s_count median 0.0, mean 1.2, std 1.5999999999999999
  r_count median 57.0, mean 56.4, std 5.161395160225576
  v_count median 443.0, mean 442.4, std 4.127953488110059
  rn_ratio median 0.114, mean 0.11279999999999998, std 0.010322790320451152
  vn_ratio median 0.886, mean 0.8848, std 0.008255906976220126
  i_thresh median 77.0, mean 80.6, std 9.748846085563153

running simulation on graph (internet) immunizing (vulnerableDegree -n_immune (25))
  statistics
  s_count median 0.0, mean 0.2, std 0.4
  r_count median 7.0, mean 7.6, std 1.9595917942265424
  v_count median 492.0, mean 492.2, std 1.9390719429665317
  rn_ratio median 0.014, mean 0.0152, std 0.0039191835884530846
  vn_ratio median 0.984, mean 0.9843999999999999, std 0.0038781438859330666
  i_thresh median 43.0, mean 34.8, std 11.443775600735973

running simulation on graph (rel-cave) immunizing (vulnerableDegree -n_immune (1))
  statistics
  s_count median 20.0, mean 25.8, std 13.526270735128733
  r_count median 461.0, mean 456.2, std 14.496896219536097
  v_count median 19.0, mean 18.0, std 1.7888543819998317
  rn_ratio median 0.922, mean 0.9124000000000001, std 0.028993792439072203
  vn_ratio median 0.038, mean 0.036000000000000004, std 0.003577708763999664
  i_thresh median 138.0, mean 135.2, std 14.715977711317723

running simulation on graph (rel-cave) immunizing (vulnerableDegree -n_immune (5))
  statistics
  s_count median 17.0, mean 21.6, std 11.58619868636819
  r_count median 410.0, mean 409.4, std 11.35957745693034
  v_count median 68.0, mean 69.0, std 3.40587727318528
  rn_ratio median 0.82, mean 0.8188000000000001, std 0.022719154913860656
  vn_ratio median 0.136, mean 0.138, std 0.0068117545463705536
  i_thresh median 145.0, mean 145.4, std 21.37849386650051

running simulation on graph (rel-cave) immunizing (vulnerableDegree -n_immune (10))
  statistics
  s_count median 33.0, mean 31.0, std 11.081516141756055
  r_count median 337.0, mean 334.0, std 16.73320053068151
  v_count median 130.0, mean 135.0, std 8.988882021697693
  rn_ratio median 0.674, mean 0.6679999999999999, std 0.033466401061363026
  vn_ratio median 0.26, mean 0.27, std 0.017977764043395378
  i_thresh median 134.0, mean 134.8, std 11.582745788456206

running simulation on graph (rel-cave) immunizing (vulnerableDegree -n_immune (25))
  statistics
  s_count median 37.0, mean 33.8, std 11.461239025515521
  r_count median 182.0, mean 183.4, std 20.857612519173905
  v_count median 278.0, mean 282.8, std 11.582745788456206
  rn_ratio median 0.364, mean 0.36679999999999996, std 0.041715225038347806
  vn_ratio median 0.556, mean 0.5656000000000001, std 0.023165491576912382
  i_thresh median 113.0, mean 102.8, std 35.957752988750556

running simulation on graph (internet) immunizing (population -n_immune (1))
  statistics
  s_count median 0.0, mean 0.0, std 0.0
  r_count median 367.0, mean 368.6, std 3.7202150475476548
  v_count median 133.0, mean 131.4, std 3.7202150475476548
  rn_ratio median 0.734, mean 0.7372, std 0.007440430095095317
  vn_ratio median 0.266, mean 0.26280000000000003, std 0.007440430095095317
  i_thresh median 72.0, mean 74.0, std 3.847076812334269

running simulation on graph (internet) immunizing (population -n_immune (5))
  statistics
  s_count median 1.0, mean 1.8, std 1.9390719429665317
  r_count median 178.0, mean 177.4, std 7.3375745311376575
  v_count median 322.0, mean 320.8, std 7.0823724838503095
  rn_ratio median 0.356, mean 0.3548, std 0.014675149062275307
  vn_ratio median 0.644, mean 0.6416000000000001, std 0.014164744967700631
  i_thresh median 73.0, mean 75.8, std 5.5641710972974225

running simulation on graph (internet) immunizing (population -n_immune (10))
  statistics
  s_count median 3.0, mean 3.6, std 2.3323807579381204
  r_count median 69.0, mean 67.2, std 10.342146779078318
  v_count median 423.0, mean 429.2, std 10.361467077590895
  rn_ratio median 0.138, mean 0.13440000000000002, std 0.02068429355815664
  vn_ratio median 0.846, mean 0.8583999999999999, std 0.02072293415518181
  i_thresh median 89.0, mean 85.4, std 7.631513611335566

running simulation on graph (internet) immunizing (population -n_immune (25))
  statistics
  s_count median 1.0, mean 1.8, std 2.227105745132009
  r_count median 10.0, mean 9.8, std 4.166533331199932
  v_count median 486.0, mean 488.4, std 4.317406628984581
  rn_ratio median 0.02, mean 0.0196, std 0.008333066662399864
  vn_ratio median 0.972, mean 0.9768000000000001, std 0.008634813257969168
  i_thresh median 40.0, mean 37.0, std 12.93058390019569

running simulation on graph (rel-cave) immunizing (population -n_immune (1))
  statistics
  s_count median 25.0, mean 24.4, std 5.9194594347794975
  r_count median 462.0, mean 464.6, std 6.468384651518491
  v_count median 10.0, mean 11.0, std 4.049691346263317
  rn_ratio median 0.924, mean 0.9292000000000001, std 0.012936769303036945
  vn_ratio median 0.02, mean 0.022, std 0.008099382692526634
  i_thresh median 129.0, mean 133.2, std 9.64157663455516

running simulation on graph (rel-cave) immunizing (population -n_immune (5))
  statistics
  s_count median 20.0, mean 113.8, std 191.81595345538912
  r_count median 436.0, mean 346.6, std 172.1099648480587
  v_count median 48.0, mean 39.6, std 20.095770699328753
  rn_ratio median 0.872, mean 0.6932, std 0.34421992969611737
  vn_ratio median 0.096, mean 0.0792, std 0.0401915413986575
  i_thresh median 139.0, mean 96.2, std 66.32465604886316

running simulation on graph (rel-cave) immunizing (population -n_immune (10))
  statistics
  s_count median 19.0, mean 20.4, std 8.187795796183488
  r_count median 375.0, mean 371.2, std 8.084553172563094
  v_count median 106.0, mean 108.4, std 4.498888751680798
  rn_ratio median 0.75, mean 0.7424000000000002, std 0.016169106345126204
  vn_ratio median 0.212, mean 0.21680000000000002, std 0.008997777503361603
  i_thresh median 144.0, mean 143.6, std 12.59523719506703

running simulation on graph (rel-cave) immunizing (population -n_immune (25))
  statistics
  s_count median 31.0, mean 33.0, std 16.260381299342274
  r_count median 219.0, mean 222.4, std 40.95656235574465
  v_count median 250.0, mean 244.4, std 26.11206617638673
  rn_ratio median 0.438, mean 0.44480000000000003, std 0.08191312471148933
  vn_ratio median 0.5, mean 0.48880000000000007, std 0.05222413235277349
  i_thresh median 120.0, mean 120.6, std 21.22828302053654

running simulation on graph (internet) immunizing (importance -n_immune (1))
  statistics
  s_count median 0.0, mean 0.0, std 0.0
  r_count median 367.0, mean 368.6, std 3.7202150475476548
  v_count median 133.0, mean 131.4, std 3.7202150475476548
  rn_ratio median 0.734, mean 0.7372, std 0.007440430095095317
  vn_ratio median 0.266, mean 0.26280000000000003, std 0.007440430095095317
  i_thresh median 72.0, mean 74.0, std 3.847076812334269

running simulation on graph (internet) immunizing (importance -n_immune (5))
  statistics
  s_count median 3.0, mean 2.0, std 1.2649110640673518
  r_count median 170.0, mean 164.2, std 11.872657663724663
  v_count median 329.0, mean 333.8, std 11.232096865679177
  rn_ratio median 0.34, mean 0.32839999999999997, std 0.02374531532744934
  vn_ratio median 0.658, mean 0.6676, std 0.022464193731358332
  i_thresh median 80.0, mean 81.2, std 6.764613810115105

running simulation on graph (internet) immunizing (importance -n_immune (10))
  statistics
  s_count median 3.0, mean 5.8, std 7.2221880341071145
  r_count median 101.0, mean 98.8, std 15.341447128612085
  v_count median 397.0, mean 395.4, std 10.556514576317317
  rn_ratio median 0.202, mean 0.1976, std 0.030682894257224175
  vn_ratio median 0.794, mean 0.7908, std 0.021113029152634622
  i_thresh median 77.0, mean 78.4, std 9.068627239003707

running simulation on graph (internet) immunizing (importance -n_immune (25))
  statistics
  s_count median 5.0, mean 5.8, std 4.354308211415448
  r_count median 25.0, mean 29.8, std 12.734205903785286
  v_count median 467.0, mean 464.4, std 9.520504188329523
  rn_ratio median 0.05, mean 0.0596, std 0.025468411807570566
  vn_ratio median 0.934, mean 0.9288000000000001, std 0.019041008376659025
  i_thresh median 58.0, mean 49.8, std 19.599999999999998

running simulation on graph (rel-cave) immunizing (importance -n_immune (1))
  statistics
  s_count median 14.0, mean 15.0, std 4.33589667773576
  r_count median 473.0, mean 473.8, std 5.74108003776293
  v_count median 12.0, mean 11.2, std 3.3105890714493698
  rn_ratio median 0.946, mean 0.9475999999999999, std 0.011482160075525836
  vn_ratio median 0.024, mean 0.022400000000000003, std 0.00662117814289874
  i_thresh median 136.0, mean 124.0, std 50.703057107042376

running simulation on graph (rel-cave) immunizing (importance -n_immune (5))
  statistics
  s_count median 18.0, mean 21.0, std 6.131883886702357
  r_count median 419.0, mean 420.2, std 12.480384609458156
  v_count median 60.0, mean 58.8, std 8.840814442120138
  rn_ratio median 0.838, mean 0.8404, std 0.024960769218916302
  vn_ratio median 0.12, mean 0.1176, std 0.017681628884240273
  i_thresh median 159.0, mean 154.2, std 10.721940122944167

running simulation on graph (rel-cave) immunizing (importance -n_immune (10))
  statistics
  s_count median 28.0, mean 27.0, std 13.740451229854134
  r_count median 351.0, mean 351.2, std 16.93989374228776
  v_count median 125.0, mean 121.8, std 9.80612053770501
  rn_ratio median 0.702, mean 0.7023999999999999, std 0.03387978748457551
  vn_ratio median 0.25, mean 0.24359999999999998, std 0.019612241075410024
  i_thresh median 134.0, mean 136.6, std 18.937792902025304

running simulation on graph (rel-cave) immunizing (importance -n_immune (25))
  statistics
  s_count median 29.0, mean 120.4, std 188.9122547639512
  r_count median 180.0, mean 144.8, std 71.47419114617527
  v_count median 291.0, mean 234.8, std 117.57108488059468
  rn_ratio median 0.36, mean 0.28959999999999997, std 0.14294838229235055
  vn_ratio median 0.582, mean 0.46959999999999996, std 0.23514216976118935
  i_thresh median 114.0, mean 97.2, std 49.74896983858058

